TN:
SF:src\_mocks_\index.ts
FN:6,myRouteHandler
FNF:1
FNH:1
FNDA:1,myRouteHandler
DA:2,1
DA:3,1
DA:7,1
LF:3
LH:3
BRF:0
BRH:0
end_of_record
TN:
SF:src\database\models\user.model.ts
FNF:0
FNH:0
DA:20,1
DA:29,1
LF:2
LH:2
BRF:0
BRH:0
end_of_record
TN:
SF:src\database\repositories\user.repositories.ts
FN:4,(anonymous_0)
FN:8,getUserById
FN:18,createUser
FN:24,updateUser
FN:35,deleteUser
FN:40,getUsers
FNF:6
FNH:4
FNDA:0,(anonymous_0)
FNDA:3,getUserById
FNDA:0,createUser
FNDA:3,updateUser
FNDA:1,deleteUser
FNDA:3,getUsers
DA:4,1
DA:5,0
DA:9,3
DA:10,3
DA:12,1
DA:13,1
DA:19,0
DA:20,0
DA:25,3
DA:26,3
DA:27,2
DA:29,1
DA:30,1
DA:36,1
DA:41,3
LF:15
LH:12
BRF:0
BRH:0
end_of_record
